Determining if the pthread_create exist failed with the following output:
Change Dir: /home/daniel/OOPprojects/oop_17207_khudyakov/HashTable/cmake-build-debug/CMakeFiles/CMakeTmp

Run Build Command:"/usr/bin/make" "cmTC_68998/fast"
/usr/bin/make -f CMakeFiles/cmTC_68998.dir/build.make CMakeFiles/cmTC_68998.dir/build
make[1]: вход в каталог «/home/daniel/OOPprojects/oop_17207_khudyakov/HashTable/cmake-build-debug/CMakeFiles/CMakeTmp»
Building C object CMakeFiles/cmTC_68998.dir/CheckSymbolExists.c.o
/usr/bin/cc    -o CMakeFiles/cmTC_68998.dir/CheckSymbolExists.c.o   -c /home/daniel/OOPprojects/oop_17207_khudyakov/HashTable/cmake-build-debug/CMakeFiles/CMakeTmp/CheckSymbolExists.c
Linking C executable cmTC_68998
/opt/clion-2018.2.3/bin/cmake/linux/bin/cmake -E cmake_link_script CMakeFiles/cmTC_68998.dir/link.txt --verbose=1
/usr/bin/cc      -rdynamic CMakeFiles/cmTC_68998.dir/CheckSymbolExists.c.o  -o cmTC_68998 
CMakeFiles/cmTC_68998.dir/CheckSymbolExists.c.o: In function `main':
CheckSymbolExists.c:(.text+0x1b): undefined reference to `pthread_create'
collect2: error: ld returned 1 exit status
CMakeFiles/cmTC_68998.dir/build.make:86: recipe for target 'cmTC_68998' failed
make[1]: *** [cmTC_68998] Error 1
make[1]: выход из каталога «/home/daniel/OOPprojects/oop_17207_khudyakov/HashTable/cmake-build-debug/CMakeFiles/CMakeTmp»
Makefile:121: recipe for target 'cmTC_68998/fast' failed
make: *** [cmTC_68998/fast] Error 2

File /home/daniel/OOPprojects/oop_17207_khudyakov/HashTable/cmake-build-debug/CMakeFiles/CMakeTmp/CheckSymbolExists.c:
/* */
#include <pthread.h>

int main(int argc, char** argv)
{
  (void)argv;
#ifndef pthread_create
  return ((int*)(&pthread_create))[argc];
#else
  (void)argc;
  return 0;
#endif
}

